- 16:13:48.000 INFO: --------------------------------------------------------
- 16:13:48.000 INFO: Started application
- 16:13:48.000 INFO: Logging to: C:\phpdesktop-chrome-57.0-rc-php-7.1.3\phpdesktop-chrome-57.0-rc-php-7.1.3\debug.log
- 16:13:48.000 INFO: Log level = DEBUG4
- 16:13:48.000 INFO: Starting Mongoose 3.9c web server
- 16:13:48.000 INFO: WWW directory: C:\phpdesktop-chrome-57.0-rc-php-7.1.3\phpdesktop-chrome-57.0-rc-php-7.1.3\www\index.php
- 16:13:48.000 INFO: Index files: index.html,index.php
- 16:13:48.000 INFO: CGI interpreter: C:\phpdesktop-chrome-57.0-rc-php-7.1.3\phpdesktop-chrome-57.0-rc-php-7.1.3\php\php-cgi.exe
- 16:13:48.000 INFO: CGI pattern: **.php$
- 16:13:48.000 INFO: Hide files patterns: 
- 16:13:48.000 DEBUG: The temp directory returned by OS contains unicode characters: C:\Users\MARCLL~1\AppData\Local\Temp\
- 16:13:48.015 INFO: CGI environment variables set: TMP=C:\WINDOWS\Temp,TEMP=C:\WINDOWS\Temp,TMPDIR=C:\WINDOWS\Temp,SERVER_NAME=127.0.0.1,PHPDESKTOP_VERSION=57.0
- 16:13:48.015 INFO: Web server url: http://127.0.0.1:51278/
- 16:13:48.015 INFO: remote_debugging_port = 54543
- 16:13:48.031 DEBUG: Command line string for the browser process: "C:\phpdesktop-chrome-57.0-rc-php-7.1.3\phpdesktop-chrome-57.0-rc-php-7.1.3\phpdesktop-chrome.exe" --no-sandbox --lang=en-US --log-file="C:\phpdesktop-chrome-57.0-rc-php-7.1.3\phpdesktop-chrome-57.0-rc-php-7.1.3\debug.log" --remote-debugging-port=54543
- 16:13:48.328 DEBUG: App::OnContextInitialized()
- 16:13:48.328 INFO: DPI, window enlarged by 25% new width/height = 1000/750
- 16:13:48.328 DEBUG: Window max width/height = 1842/974
- 16:13:48.328 DEBUG: GetBrowserWindow(): not found, hwnd = 854420
- 16:13:48.328 DEBUG: WindowProc(): event WM_GETMINMAXINFO: could not fetch BrowserWindow
- 16:13:48.000 DEBUG: Command line string for the gpu-process process: "C:\phpdesktop-chrome-57.0-rc-php-7.1.3\phpdesktop-chrome-57.0-rc-php-7.1.3\phpdesktop-chrome.exe" --type=gpu-process --no-sandbox --lang=en-US --log-file="C:\phpdesktop-chrome-57.0-rc-php-7.1.3\phpdesktop-chrome-57.0-rc-php-7.1.3\debug.log" --disable-direct-composition --supports-dual-gpus=false --gpu-driver-bug-workarounds=7,10,18,19,20,23,26,41,74 --disable-gl-extensions="GL_KHR_blend_equation_advanced GL_KHR_blend_equation_advanced_coherent" --gpu-vendor-id=0x1002 --gpu-device-id=0x1636 --gpu-driver-vendor="Advanced Micro Devices, Inc." --gpu-driver-version=30.0.13002.1001 --gpu-driver-date=8-5-2021 --gpu-secondary-vendor-ids=0x10de --gpu-secondary-device-ids=0x25a2 --lang=en-US --log-file="C:\phpdesktop-chrome-57.0-rc-php-7.1.3\phpdesktop-chrome-57.0-rc-php-7.1.3\debug.log" --service-request-channel-token=6400C66F0E0B5563CBDC3DE70EB99E4E --mojo-platform-channel-handle=1916 /prefetch:2
- 16:13:48.328 DEBUG: BrowserWindow::CreateBrowserControl()
- 16:13:48.328 DEBUG: StoreBrowserWindow(): hwnd = 854420
- 16:13:48.484 DEBUG: ClientHandler::OnAfterCreated()
- 16:13:48.484 DEBUG: SetCefBrowser() called in ClientHandler::OnAfterCreated()
- 16:13:48.515 DEBUG: OnLoadingStateChange: loading=1, url=
- 16:13:48.000 DEBUG: Command line string for the renderer process: "C:\phpdesktop-chrome-57.0-rc-php-7.1.3\phpdesktop-chrome-57.0-rc-php-7.1.3\phpdesktop-chrome.exe" --type=renderer --no-sandbox --primordial-pipe-token=5475FEF92530F9789DC182A58A8956AA --lang=en-US --lang=en-US --log-file="C:\phpdesktop-chrome-57.0-rc-php-7.1.3\phpdesktop-chrome-57.0-rc-php-7.1.3\debug.log" --enable-pinch --device-scale-factor=1.25 --num-raster-threads=4 --enable-main-frame-before-activation --content-image-texture-target=0,0,3553;0,1,3553;0,2,3553;0,3,3553;0,4,3553;0,5,3553;0,6,3553;0,7,3553;0,8,3553;0,9,3553;0,10,3553;0,11,3553;0,12,3553;0,13,3553;0,14,3553;0,15,3553;1,0,3553;1,1,3553;1,2,3553;1,3,3553;1,4,3553;1,5,3553;1,6,3553;1,7,3553;1,8,3553;1,9,3553;1,10,3553;1,11,3553;1,12,3553;1,13,3553;1,14,3553;1,15,3553;2,0,3553;2,1,3553;2,2,3553;2,3,3553;2,4,3553;2,5,3553;2,6,3553;2,7,3553;2,8,3553;2,9,3553;2,10,3553;2,11,3553;2,12,3553;2,13,3553;2,14,3553;2,15,3553;3,0,3553;3,1,3553;3,2,3553;3,3,3553;3,4,3553;3,5,3553;3,6,3553;3,7,3553;3,8,3553;3,9,3553;3,10,3553;3,11,3553;3,12,3553;3,13,3553;3,14,3553;3,15,3553 --service-request-channel-token=5475FEF92530F9789DC182A58A8956AA --renderer-client-id=3 --mojo-platform-channel-handle=2356 /prefetch:1
[0803/161348.684:ERROR:child_thread_impl.cc(762)] Request for unknown Channel-associated interface: ui::mojom::GpuMain
- 16:13:48.141 DEBUG: OnBrowserCreated()
- 16:13:50.047 INFO: GET 200 /
- 16:13:50.172 INFO: GET 200 /style.css
- 16:13:50.657 DEBUG: OnContextCreated()
- 16:13:50.281 DEBUG: OnLoadingStateChange: loading=0, url=http://127.0.0.1:51278/
- 16:13:59.828 DEBUG: OnLoadingStateChange: loading=1, url=http://127.0.0.1:51278/
- 16:14:00.422 DEBUG: OnContextCreated()
- 16:14:00.984 INFO: GET 200 /
- 16:14:00.140 INFO: GET 200 /style.css
- 16:14:00.140 DEBUG: OnLoadingStateChange: loading=0, url=http://127.0.0.1:51278/
- 16:14:01.219 DEBUG: WM_DESTROY
- 16:14:01.219 DEBUG: RemoveBrowserWindow(): hwnd = 854420
- 16:14:01.219 INFO: Stopping Mongoose web server
- 16:14:01.219 DEBUG: Mongoose webserver stopped immediately
- 16:14:01.234 DEBUG: OnBeforeClose() hwnd=723390
- 16:14:01.234 DEBUG: RemoveBrowserWindow(): hwnd = 723390
- 16:14:01.234 DEBUG: GetBrowserWindow(): not found, hwnd = 723390
- 16:14:01.234 WARNING: RemoveBrowserWindow() failed: GetBrowserWindow() failed
- 16:14:01.234 DEBUG: Calling CefQuitMessageLoop()
- 16:14:01.703 DEBUG: OnBrowserDestroyed()
- 16:14:01.344 INFO: Ended application
- 16:14:01.344 INFO: --------------------------------------------------------
- 19:43:34.016 INFO: --------------------------------------------------------
- 19:43:34.016 INFO: Started application
- 19:43:34.016 INFO: Logging to: C:\phpdesktop-chrome-57.0-rc-php-7.1.3\phpdesktop-chrome-57.0-rc-php-7.1.3\debug.log
- 19:43:34.016 INFO: Log level = DEBUG4
- 19:43:34.016 INFO: Starting Mongoose 3.9c web server
- 19:43:34.016 INFO: WWW directory: C:\phpdesktop-chrome-57.0-rc-php-7.1.3\phpdesktop-chrome-57.0-rc-php-7.1.3\www\index.php
- 19:43:34.016 INFO: Index files: index.html,index.php
- 19:43:34.016 INFO: CGI interpreter: C:\phpdesktop-chrome-57.0-rc-php-7.1.3\phpdesktop-chrome-57.0-rc-php-7.1.3\php\php-cgi.exe
- 19:43:34.016 INFO: CGI pattern: **.php$
- 19:43:34.016 INFO: Hide files patterns: 
- 19:43:34.016 DEBUG: The temp directory returned by OS contains unicode characters: C:\Users\MARCLL~1\AppData\Local\Temp\
- 19:43:34.016 INFO: CGI environment variables set: TMP=C:\WINDOWS\Temp,TEMP=C:\WINDOWS\Temp,TMPDIR=C:\WINDOWS\Temp,SERVER_NAME=127.0.0.1,PHPDESKTOP_VERSION=57.0
- 19:43:34.016 INFO: Web server url: http://127.0.0.1:53257/
- 19:43:34.016 INFO: remote_debugging_port = 62380
- 19:43:34.016 DEBUG: Command line string for the browser process: "C:\phpdesktop-chrome-57.0-rc-php-7.1.3\phpdesktop-chrome-57.0-rc-php-7.1.3\phpdesktop-chrome.exe" --no-sandbox --lang=en-US --log-file="C:\phpdesktop-chrome-57.0-rc-php-7.1.3\phpdesktop-chrome-57.0-rc-php-7.1.3\debug.log" --remote-debugging-port=62380
- 19:43:34.078 DEBUG: App::OnContextInitialized()
- 19:43:34.078 INFO: DPI, window enlarged by 25% new width/height = 1000/750
- 19:43:34.078 DEBUG: Window max width/height = 1842/974
- 19:43:34.094 DEBUG: GetBrowserWindow(): not found, hwnd = 918956
- 19:43:34.094 DEBUG: WindowProc(): event WM_GETMINMAXINFO: could not fetch BrowserWindow
- 19:43:34.094 DEBUG: BrowserWindow::CreateBrowserControl()
- 19:43:34.094 DEBUG: StoreBrowserWindow(): hwnd = 918956
- 19:43:34.000 DEBUG: Command line string for the gpu-process process: "C:\phpdesktop-chrome-57.0-rc-php-7.1.3\phpdesktop-chrome-57.0-rc-php-7.1.3\phpdesktop-chrome.exe" --type=gpu-process --no-sandbox --lang=en-US --log-file="C:\phpdesktop-chrome-57.0-rc-php-7.1.3\phpdesktop-chrome-57.0-rc-php-7.1.3\debug.log" --disable-direct-composition --supports-dual-gpus=false --gpu-driver-bug-workarounds=7,10,18,19,20,23,26,41,74 --disable-gl-extensions="GL_KHR_blend_equation_advanced GL_KHR_blend_equation_advanced_coherent" --gpu-vendor-id=0x1002 --gpu-device-id=0x1636 --gpu-driver-vendor="Advanced Micro Devices, Inc." --gpu-driver-version=30.0.13002.1001 --gpu-driver-date=8-5-2021 --gpu-secondary-vendor-ids=0x10de --gpu-secondary-device-ids=0x25a2 --lang=en-US --log-file="C:\phpdesktop-chrome-57.0-rc-php-7.1.3\phpdesktop-chrome-57.0-rc-php-7.1.3\debug.log" --service-request-channel-token=6684EDB8641F43A72E1EF174597BFB01 --mojo-platform-channel-handle=1804 /prefetch:2
- 19:43:34.250 DEBUG: ClientHandler::OnAfterCreated()
- 19:43:34.250 DEBUG: SetCefBrowser() called in ClientHandler::OnAfterCreated()
- 19:43:34.282 DEBUG: OnLoadingStateChange: loading=1, url=
- 19:43:34.000 DEBUG: Command line string for the renderer process: "C:\phpdesktop-chrome-57.0-rc-php-7.1.3\phpdesktop-chrome-57.0-rc-php-7.1.3\phpdesktop-chrome.exe" --type=renderer --no-sandbox --primordial-pipe-token=07ADE133CB1174DAB54A7B253B1D0831 --lang=en-US --lang=en-US --log-file="C:\phpdesktop-chrome-57.0-rc-php-7.1.3\phpdesktop-chrome-57.0-rc-php-7.1.3\debug.log" --enable-pinch --device-scale-factor=1.25 --num-raster-threads=4 --enable-main-frame-before-activation --content-image-texture-target=0,0,3553;0,1,3553;0,2,3553;0,3,3553;0,4,3553;0,5,3553;0,6,3553;0,7,3553;0,8,3553;0,9,3553;0,10,3553;0,11,3553;0,12,3553;0,13,3553;0,14,3553;0,15,3553;1,0,3553;1,1,3553;1,2,3553;1,3,3553;1,4,3553;1,5,3553;1,6,3553;1,7,3553;1,8,3553;1,9,3553;1,10,3553;1,11,3553;1,12,3553;1,13,3553;1,14,3553;1,15,3553;2,0,3553;2,1,3553;2,2,3553;2,3,3553;2,4,3553;2,5,3553;2,6,3553;2,7,3553;2,8,3553;2,9,3553;2,10,3553;2,11,3553;2,12,3553;2,13,3553;2,14,3553;2,15,3553;3,0,3553;3,1,3553;3,2,3553;3,3,3553;3,4,3553;3,5,3553;3,6,3553;3,7,3553;3,8,3553;3,9,3553;3,10,3553;3,11,3553;3,12,3553;3,13,3553;3,14,3553;3,15,3553 --service-request-channel-token=07ADE133CB1174DAB54A7B253B1D0831 --renderer-client-id=3 --mojo-platform-channel-handle=2344 /prefetch:1
[0809/194335.055:ERROR:child_thread_impl.cc(762)] Request for unknown Channel-associated interface: ui::mojom::GpuMain
- 19:43:35.188 DEBUG: OnBrowserCreated()
- 19:43:36.891 INFO: GET 200 /
- 19:43:36.032 INFO: GET 200 /style.css
- 19:43:36.750 DEBUG: OnContextCreated()
- 19:43:36.157 DEBUG: OnLoadingStateChange: loading=0, url=http://127.0.0.1:53257/
- 19:43:39.360 DEBUG: WM_DESTROY
- 19:43:39.360 DEBUG: RemoveBrowserWindow(): hwnd = 918956
- 19:43:39.360 INFO: Stopping Mongoose web server
- 19:43:39.360 DEBUG: Mongoose webserver stopped immediately
- 19:43:39.375 DEBUG: OnBeforeClose() hwnd=198394
- 19:43:39.375 DEBUG: RemoveBrowserWindow(): hwnd = 198394
- 19:43:39.375 DEBUG: GetBrowserWindow(): not found, hwnd = 198394
- 19:43:39.375 WARNING: RemoveBrowserWindow() failed: GetBrowserWindow() failed
- 19:43:39.375 DEBUG: Calling CefQuitMessageLoop()
- 19:43:40.532 INFO: Ended application
- 19:43:40.532 INFO: --------------------------------------------------------
